shared/build/intermediates/manifest_merge_blame_file/debug/manifest-merger-blame-debug-report.txt
1<?xml version="1.0" encoding="utf-8"?>
2<!--
3  ~ Copyright (c) 2020 Touchlab
4  ~ Licensed under the Apache License, Version 2.0 (the "License"); you may not use this file except in compliance with the License.
5  ~ You may obtain a copy of the License at
6  ~
7  ~     http://www.apache.org/licenses/LICENSE-2.0
8  ~
9  ~ Unless required by applicable law or agreed to in writing, software distributed under the License is distributed on an "AS IS" BASIS, WITHOUT WARRANTIES OR CONDITIONS OF ANY KIND, either express or implied. See the License for the specific language governing permissions and limitations under the License.
10-->
11<manifest xmlns:android="http://schemas.android.com/apk/res/android"
12    package="co.touchlab.kermitsample"
13    android:versionCode="1"
14    android:versionName="1.0" >
15
16    <uses-sdk
17        android:minSdkVersion="15"
17-->src/androidMain/AndroidManifest.xml
18        android:targetSdkVersion="29" />
18-->src/androidMain/AndroidManifest.xml
19
20</manifest>